[2022-09-24 17:04:20,455] {taskinstance.py:1032} INFO - Dependencies all met for <TaskInstance: xcom_dag.time_update scheduled__2022-09-24T17:03:17.009614+00:00 [queued]>
[2022-09-24 17:04:20,476] {taskinstance.py:1032} INFO - Dependencies all met for <TaskInstance: xcom_dag.time_update scheduled__2022-09-24T17:03:17.009614+00:00 [queued]>
[2022-09-24 17:04:20,477] {taskinstance.py:1238} INFO - 
--------------------------------------------------------------------------------
[2022-09-24 17:04:20,477] {taskinstance.py:1239} INFO - Starting attempt 1 of 1
[2022-09-24 17:04:20,477] {taskinstance.py:1240} INFO - 
--------------------------------------------------------------------------------
[2022-09-24 17:04:20,500] {taskinstance.py:1259} INFO - Executing <Task(PythonOperator): time_update> on 2022-09-24 17:03:17.009614+00:00
[2022-09-24 17:04:20,504] {standard_task_runner.py:52} INFO - Started process 1182 to run task
[2022-09-24 17:04:20,509] {standard_task_runner.py:76} INFO - Running: ['***', 'tasks', 'run', 'xcom_dag', 'time_update', 'scheduled__2022-09-24T17:03:17.009614+00:00', '--job-id', '80', '--raw', '--subdir', 'DAGS_FOLDER/bitcoin_rate_dag.py', '--cfg-path', '/tmp/tmpjat9g5jf', '--error-file', '/tmp/tmpyhrmahjo']
[2022-09-24 17:04:20,510] {standard_task_runner.py:77} INFO - Job 80: Subtask time_update
[2022-09-24 17:04:20,632] {logging_mixin.py:109} INFO - Running <TaskInstance: xcom_dag.time_update scheduled__2022-09-24T17:03:17.009614+00:00 [running]> on host 4642d339221a
[2022-09-24 17:04:20,833] {taskinstance.py:1426} INFO - Exporting the following env vars:
AIRFLOW_CTX_DAG_OWNER=***
AIRFLOW_CTX_DAG_ID=xcom_dag
AIRFLOW_CTX_TASK_ID=time_update
AIRFLOW_CTX_EXECUTION_DATE=2022-09-24T17:03:17.009614+00:00
AIRFLOW_CTX_DAG_RUN_ID=scheduled__2022-09-24T17:03:17.009614+00:00
[2022-09-24 17:04:21,109] {api.py:356} INFO - ascii passed initial chaos probing. Mean measured chaos is 0.000000 %
[2022-09-24 17:04:21,110] {api.py:367} INFO - ascii should target any language(s) of ['Latin Based']
[2022-09-24 17:04:21,113] {api.py:385} INFO - We detected language [('English', 1.0), ('Dutch', 1.0), ('Indonesian', 1.0)] using ascii
[2022-09-24 17:04:21,113] {api.py:419} INFO - ascii is most likely the one. Stopping the process.
[2022-09-24 17:04:21,127] {python.py:175} INFO - Done. Returned value was: None
[2022-09-24 17:04:21,142] {taskinstance.py:1277} INFO - Marking task as SUCCESS. dag_id=xcom_dag, task_id=time_update, execution_date=20220924T170317, start_date=20220924T170420, end_date=20220924T170421
[2022-09-24 17:04:21,205] {local_task_job.py:154} INFO - Task exited with return code 0
[2022-09-24 17:04:21,255] {local_task_job.py:264} INFO - 0 downstream tasks scheduled from follow-on schedule check
