[2022-09-24 16:50:17,959] {taskinstance.py:1032} INFO - Dependencies all met for <TaskInstance: xcom_dag.time_update scheduled__2022-09-24T16:49:14.200539+00:00 [queued]>
[2022-09-24 16:50:17,993] {taskinstance.py:1032} INFO - Dependencies all met for <TaskInstance: xcom_dag.time_update scheduled__2022-09-24T16:49:14.200539+00:00 [queued]>
[2022-09-24 16:50:17,993] {taskinstance.py:1238} INFO - 
--------------------------------------------------------------------------------
[2022-09-24 16:50:17,993] {taskinstance.py:1239} INFO - Starting attempt 1 of 1
[2022-09-24 16:50:17,994] {taskinstance.py:1240} INFO - 
--------------------------------------------------------------------------------
[2022-09-24 16:50:18,025] {taskinstance.py:1259} INFO - Executing <Task(PythonOperator): time_update> on 2022-09-24 16:49:14.200539+00:00
[2022-09-24 16:50:18,041] {standard_task_runner.py:52} INFO - Started process 353 to run task
[2022-09-24 16:50:18,053] {standard_task_runner.py:76} INFO - Running: ['***', 'tasks', 'run', 'xcom_dag', 'time_update', 'scheduled__2022-09-24T16:49:14.200539+00:00', '--job-id', '17', '--raw', '--subdir', 'DAGS_FOLDER/data_ingestion_gcs_dag.py', '--cfg-path', '/tmp/tmppd46m589', '--error-file', '/tmp/tmp9cakdzmk']
[2022-09-24 16:50:18,056] {standard_task_runner.py:77} INFO - Job 17: Subtask time_update
[2022-09-24 16:50:18,348] {logging_mixin.py:109} INFO - Running <TaskInstance: xcom_dag.time_update scheduled__2022-09-24T16:49:14.200539+00:00 [running]> on host 4642d339221a
[2022-09-24 16:50:18,488] {taskinstance.py:1426} INFO - Exporting the following env vars:
AIRFLOW_CTX_DAG_OWNER=***
AIRFLOW_CTX_DAG_ID=xcom_dag
AIRFLOW_CTX_TASK_ID=time_update
AIRFLOW_CTX_EXECUTION_DATE=2022-09-24T16:49:14.200539+00:00
AIRFLOW_CTX_DAG_RUN_ID=scheduled__2022-09-24T16:49:14.200539+00:00
[2022-09-24 16:50:18,756] {api.py:356} INFO - ascii passed initial chaos probing. Mean measured chaos is 0.000000 %
[2022-09-24 16:50:18,757] {api.py:367} INFO - ascii should target any language(s) of ['Latin Based']
[2022-09-24 16:50:18,762] {api.py:385} INFO - We detected language [('English', 1.0), ('Dutch', 1.0), ('Indonesian', 1.0)] using ascii
[2022-09-24 16:50:18,763] {api.py:419} INFO - ascii is most likely the one. Stopping the process.
[2022-09-24 16:50:18,806] {python.py:175} INFO - Done. Returned value was: None
[2022-09-24 16:50:18,887] {taskinstance.py:1277} INFO - Marking task as SUCCESS. dag_id=xcom_dag, task_id=time_update, execution_date=20220924T164914, start_date=20220924T165017, end_date=20220924T165018
[2022-09-24 16:50:18,939] {local_task_job.py:154} INFO - Task exited with return code 0
[2022-09-24 16:50:19,033] {local_task_job.py:264} INFO - 0 downstream tasks scheduled from follow-on schedule check
