[2022-09-24 16:49:14,963] {taskinstance.py:1032} INFO - Dependencies all met for <TaskInstance: xcom_dag.get_bitcoin_rate scheduled__2022-09-24T16:48:14.200539+00:00 [queued]>
[2022-09-24 16:49:14,981] {taskinstance.py:1032} INFO - Dependencies all met for <TaskInstance: xcom_dag.get_bitcoin_rate scheduled__2022-09-24T16:48:14.200539+00:00 [queued]>
[2022-09-24 16:49:14,981] {taskinstance.py:1238} INFO - 
--------------------------------------------------------------------------------
[2022-09-24 16:49:14,981] {taskinstance.py:1239} INFO - Starting attempt 1 of 1
[2022-09-24 16:49:14,981] {taskinstance.py:1240} INFO - 
--------------------------------------------------------------------------------
[2022-09-24 16:49:15,006] {taskinstance.py:1259} INFO - Executing <Task(PythonOperator): get_bitcoin_rate> on 2022-09-24 16:48:14.200539+00:00
[2022-09-24 16:49:15,009] {standard_task_runner.py:52} INFO - Started process 279 to run task
[2022-09-24 16:49:15,013] {standard_task_runner.py:76} INFO - Running: ['***', 'tasks', 'run', 'xcom_dag', 'get_bitcoin_rate', 'scheduled__2022-09-24T16:48:14.200539+00:00', '--job-id', '8', '--raw', '--subdir', 'DAGS_FOLDER/data_ingestion_gcs_dag.py', '--cfg-path', '/tmp/tmp36cqsxep', '--error-file', '/tmp/tmpf5qoo_nv']
[2022-09-24 16:49:15,014] {standard_task_runner.py:77} INFO - Job 8: Subtask get_bitcoin_rate
[2022-09-24 16:49:15,079] {logging_mixin.py:109} INFO - Running <TaskInstance: xcom_dag.get_bitcoin_rate scheduled__2022-09-24T16:48:14.200539+00:00 [running]> on host 4642d339221a
[2022-09-24 16:49:15,149] {taskinstance.py:1426} INFO - Exporting the following env vars:
AIRFLOW_CTX_DAG_OWNER=***
AIRFLOW_CTX_DAG_ID=xcom_dag
AIRFLOW_CTX_TASK_ID=get_bitcoin_rate
AIRFLOW_CTX_EXECUTION_DATE=2022-09-24T16:48:14.200539+00:00
AIRFLOW_CTX_DAG_RUN_ID=scheduled__2022-09-24T16:48:14.200539+00:00
[2022-09-24 16:49:15,382] {api.py:356} INFO - ascii passed initial chaos probing. Mean measured chaos is 0.000000 %
[2022-09-24 16:49:15,382] {api.py:367} INFO - ascii should target any language(s) of ['Latin Based']
[2022-09-24 16:49:15,385] {api.py:385} INFO - We detected language [('English', 1.0), ('Dutch', 1.0), ('Indonesian', 1.0)] using ascii
[2022-09-24 16:49:15,386] {api.py:419} INFO - ascii is most likely the one. Stopping the process.
[2022-09-24 16:49:15,386] {python.py:175} INFO - Done. Returned value was: {'time': {'updated': 'Sep 24, 2022 16:48:00 UTC', 'updatedISO': '2022-09-24T16:48:00+00:00', 'updateduk': 'Sep 24, 2022 at 17:48 BST'}, 'disclaimer': 'This data was produced from the CoinDesk Bitcoin Price Index (USD). Non-USD currency data converted using hourly conversion rate from openexchangerates.org', 'chartName': 'Bitcoin', 'bpi': {'USD': {'code': 'USD', 'symbol': '&#36;', 'rate': '19,087.2218', 'description': 'United States Dollar', 'rate_float': 19087.2218}, 'GBP': {'code': 'GBP', 'symbol': '&pound;', 'rate': '15,949.1298', 'description': 'British Pound Sterling', 'rate_float': 15949.1298}, 'EUR': {'code': 'EUR', 'symbol': '&euro;', 'rate': '18,593.7408', 'description': 'Euro', 'rate_float': 18593.7408}}}
[2022-09-24 16:49:15,412] {taskinstance.py:1277} INFO - Marking task as SUCCESS. dag_id=xcom_dag, task_id=get_bitcoin_rate, execution_date=20220924T164814, start_date=20220924T164914, end_date=20220924T164915
[2022-09-24 16:49:15,465] {local_task_job.py:154} INFO - Task exited with return code 0
[2022-09-24 16:49:15,523] {local_task_job.py:264} INFO - 4 downstream tasks scheduled from follow-on schedule check
