[2022-09-24 17:09:19,690] {taskinstance.py:1032} INFO - Dependencies all met for <TaskInstance: xcom_dag.time_update scheduled__2022-09-24T17:08:17.009614+00:00 [queued]>
[2022-09-24 17:09:19,709] {taskinstance.py:1032} INFO - Dependencies all met for <TaskInstance: xcom_dag.time_update scheduled__2022-09-24T17:08:17.009614+00:00 [queued]>
[2022-09-24 17:09:19,709] {taskinstance.py:1238} INFO - 
--------------------------------------------------------------------------------
[2022-09-24 17:09:19,709] {taskinstance.py:1239} INFO - Starting attempt 1 of 1
[2022-09-24 17:09:19,709] {taskinstance.py:1240} INFO - 
--------------------------------------------------------------------------------
[2022-09-24 17:09:19,727] {taskinstance.py:1259} INFO - Executing <Task(PythonOperator): time_update> on 2022-09-24 17:08:17.009614+00:00
[2022-09-24 17:09:19,732] {standard_task_runner.py:52} INFO - Started process 1488 to run task
[2022-09-24 17:09:19,736] {standard_task_runner.py:76} INFO - Running: ['***', 'tasks', 'run', 'xcom_dag', 'time_update', 'scheduled__2022-09-24T17:08:17.009614+00:00', '--job-id', '104', '--raw', '--subdir', 'DAGS_FOLDER/bitcoin_rate_dag.py', '--cfg-path', '/tmp/tmp9_yn6x13', '--error-file', '/tmp/tmpqdkuyr2x']
[2022-09-24 17:09:19,738] {standard_task_runner.py:77} INFO - Job 104: Subtask time_update
[2022-09-24 17:09:19,838] {logging_mixin.py:109} INFO - Running <TaskInstance: xcom_dag.time_update scheduled__2022-09-24T17:08:17.009614+00:00 [running]> on host 4642d339221a
[2022-09-24 17:09:19,953] {taskinstance.py:1426} INFO - Exporting the following env vars:
AIRFLOW_CTX_DAG_OWNER=***
AIRFLOW_CTX_DAG_ID=xcom_dag
AIRFLOW_CTX_TASK_ID=time_update
AIRFLOW_CTX_EXECUTION_DATE=2022-09-24T17:08:17.009614+00:00
AIRFLOW_CTX_DAG_RUN_ID=scheduled__2022-09-24T17:08:17.009614+00:00
[2022-09-24 17:09:20,194] {api.py:356} INFO - ascii passed initial chaos probing. Mean measured chaos is 0.000000 %
[2022-09-24 17:09:20,194] {api.py:367} INFO - ascii should target any language(s) of ['Latin Based']
[2022-09-24 17:09:20,198] {api.py:385} INFO - We detected language [('English', 1.0), ('Dutch', 1.0), ('Indonesian', 1.0)] using ascii
[2022-09-24 17:09:20,198] {api.py:419} INFO - ascii is most likely the one. Stopping the process.
[2022-09-24 17:09:20,211] {python.py:175} INFO - Done. Returned value was: None
[2022-09-24 17:09:20,226] {taskinstance.py:1277} INFO - Marking task as SUCCESS. dag_id=xcom_dag, task_id=time_update, execution_date=20220924T170817, start_date=20220924T170919, end_date=20220924T170920
[2022-09-24 17:09:20,271] {local_task_job.py:154} INFO - Task exited with return code 0
[2022-09-24 17:09:20,313] {local_task_job.py:264} INFO - 0 downstream tasks scheduled from follow-on schedule check
