[2022-09-24 16:59:18,915] {taskinstance.py:1032} INFO - Dependencies all met for <TaskInstance: xcom_dag.time_update scheduled__2022-09-24T16:58:16.575680+00:00 [queued]>
[2022-09-24 16:59:18,938] {taskinstance.py:1032} INFO - Dependencies all met for <TaskInstance: xcom_dag.time_update scheduled__2022-09-24T16:58:16.575680+00:00 [queued]>
[2022-09-24 16:59:18,938] {taskinstance.py:1238} INFO - 
--------------------------------------------------------------------------------
[2022-09-24 16:59:18,938] {taskinstance.py:1239} INFO - Starting attempt 1 of 1
[2022-09-24 16:59:18,938] {taskinstance.py:1240} INFO - 
--------------------------------------------------------------------------------
[2022-09-24 16:59:18,977] {taskinstance.py:1259} INFO - Executing <Task(PythonOperator): time_update> on 2022-09-24 16:58:16.575680+00:00
[2022-09-24 16:59:18,991] {standard_task_runner.py:52} INFO - Started process 875 to run task
[2022-09-24 16:59:18,999] {standard_task_runner.py:76} INFO - Running: ['***', 'tasks', 'run', 'xcom_dag', 'time_update', 'scheduled__2022-09-24T16:58:16.575680+00:00', '--job-id', '55', '--raw', '--subdir', 'DAGS_FOLDER/bitcoin_rate_dag.py', '--cfg-path', '/tmp/tmptk2_qop1', '--error-file', '/tmp/tmp2m7pjfby']
[2022-09-24 16:59:19,001] {standard_task_runner.py:77} INFO - Job 55: Subtask time_update
[2022-09-24 16:59:19,139] {logging_mixin.py:109} INFO - Running <TaskInstance: xcom_dag.time_update scheduled__2022-09-24T16:58:16.575680+00:00 [running]> on host 4642d339221a
[2022-09-24 16:59:19,313] {taskinstance.py:1426} INFO - Exporting the following env vars:
AIRFLOW_CTX_DAG_OWNER=***
AIRFLOW_CTX_DAG_ID=xcom_dag
AIRFLOW_CTX_TASK_ID=time_update
AIRFLOW_CTX_EXECUTION_DATE=2022-09-24T16:58:16.575680+00:00
AIRFLOW_CTX_DAG_RUN_ID=scheduled__2022-09-24T16:58:16.575680+00:00
[2022-09-24 16:59:20,443] {api.py:356} INFO - ascii passed initial chaos probing. Mean measured chaos is 0.000000 %
[2022-09-24 16:59:20,449] {api.py:367} INFO - ascii should target any language(s) of ['Latin Based']
[2022-09-24 16:59:20,467] {api.py:385} INFO - We detected language [('English', 1.0), ('Dutch', 1.0), ('Indonesian', 1.0)] using ascii
[2022-09-24 16:59:20,468] {api.py:419} INFO - ascii is most likely the one. Stopping the process.
[2022-09-24 16:59:20,539] {python.py:175} INFO - Done. Returned value was: None
[2022-09-24 16:59:20,586] {taskinstance.py:1277} INFO - Marking task as SUCCESS. dag_id=xcom_dag, task_id=time_update, execution_date=20220924T165816, start_date=20220924T165918, end_date=20220924T165920
[2022-09-24 16:59:20,661] {local_task_job.py:154} INFO - Task exited with return code 0
[2022-09-24 16:59:20,801] {local_task_job.py:264} INFO - 0 downstream tasks scheduled from follow-on schedule check
