[2022-09-24 16:57:14,192] {processor.py:163} INFO - Started process (PID=735) to work on /opt/airflow/dags/bitcoin_rate_dag.py
[2022-09-24 16:57:14,194] {processor.py:642} INFO - Processing file /opt/airflow/dags/bitcoin_rate_dag.py for tasks to queue
[2022-09-24 16:57:14,195] {logging_mixin.py:109} INFO - [2022-09-24 16:57:14,195] {dagbag.py:500} INFO - Filling up the DagBag from /opt/airflow/dags/bitcoin_rate_dag.py
[2022-09-24 16:57:14,264] {processor.py:654} INFO - DAG(s) dict_keys(['xcom_dag']) retrieved from /opt/airflow/dags/bitcoin_rate_dag.py
[2022-09-24 16:57:15,801] {logging_mixin.py:109} INFO - [2022-09-24 16:57:15,801] {dag.py:2396} INFO - Sync 1 DAGs
[2022-09-24 16:57:15,816] {logging_mixin.py:109} INFO - [2022-09-24 16:57:15,816] {dag.py:2935} INFO - Setting next_dagrun for xcom_dag to 2022-09-24T16:56:15.816449+00:00
[2022-09-24 16:57:15,832] {processor.py:171} INFO - Processing /opt/airflow/dags/bitcoin_rate_dag.py took 1.649 seconds
[2022-09-24 16:57:45,942] {processor.py:163} INFO - Started process (PID=777) to work on /opt/airflow/dags/bitcoin_rate_dag.py
[2022-09-24 16:57:45,944] {processor.py:642} INFO - Processing file /opt/airflow/dags/bitcoin_rate_dag.py for tasks to queue
[2022-09-24 16:57:45,946] {logging_mixin.py:109} INFO - [2022-09-24 16:57:45,946] {dagbag.py:500} INFO - Filling up the DagBag from /opt/airflow/dags/bitcoin_rate_dag.py
[2022-09-24 16:57:46,018] {processor.py:654} INFO - DAG(s) dict_keys(['xcom_dag']) retrieved from /opt/airflow/dags/bitcoin_rate_dag.py
[2022-09-24 16:57:46,042] {logging_mixin.py:109} INFO - [2022-09-24 16:57:46,041] {dag.py:2396} INFO - Sync 1 DAGs
[2022-09-24 16:57:46,072] {logging_mixin.py:109} INFO - [2022-09-24 16:57:46,071] {dag.py:2935} INFO - Setting next_dagrun for xcom_dag to 2022-09-24T16:57:15.816449+00:00
[2022-09-24 16:57:46,085] {processor.py:171} INFO - Processing /opt/airflow/dags/bitcoin_rate_dag.py took 0.155 seconds
[2022-09-24 16:58:16,169] {processor.py:163} INFO - Started process (PID=799) to work on /opt/airflow/dags/bitcoin_rate_dag.py
[2022-09-24 16:58:16,171] {processor.py:642} INFO - Processing file /opt/airflow/dags/bitcoin_rate_dag.py for tasks to queue
[2022-09-24 16:58:16,172] {logging_mixin.py:109} INFO - [2022-09-24 16:58:16,172] {dagbag.py:500} INFO - Filling up the DagBag from /opt/airflow/dags/bitcoin_rate_dag.py
[2022-09-24 16:58:16,208] {processor.py:654} INFO - DAG(s) dict_keys(['xcom_dag']) retrieved from /opt/airflow/dags/bitcoin_rate_dag.py
[2022-09-24 16:58:16,220] {logging_mixin.py:109} INFO - [2022-09-24 16:58:16,220] {dag.py:2396} INFO - Sync 1 DAGs
[2022-09-24 16:58:16,241] {logging_mixin.py:109} INFO - [2022-09-24 16:58:16,241] {dag.py:2935} INFO - Setting next_dagrun for xcom_dag to 2022-09-24T16:57:16.240670+00:00
[2022-09-24 16:58:16,256] {processor.py:171} INFO - Processing /opt/airflow/dags/bitcoin_rate_dag.py took 0.092 seconds
[2022-09-24 16:58:46,313] {processor.py:163} INFO - Started process (PID=832) to work on /opt/airflow/dags/bitcoin_rate_dag.py
[2022-09-24 16:58:46,315] {processor.py:642} INFO - Processing file /opt/airflow/dags/bitcoin_rate_dag.py for tasks to queue
[2022-09-24 16:58:46,317] {logging_mixin.py:109} INFO - [2022-09-24 16:58:46,316] {dagbag.py:500} INFO - Filling up the DagBag from /opt/airflow/dags/bitcoin_rate_dag.py
[2022-09-24 16:58:46,358] {processor.py:654} INFO - DAG(s) dict_keys(['xcom_dag']) retrieved from /opt/airflow/dags/bitcoin_rate_dag.py
[2022-09-24 16:58:46,374] {logging_mixin.py:109} INFO - [2022-09-24 16:58:46,374] {dag.py:2396} INFO - Sync 1 DAGs
[2022-09-24 16:58:46,398] {logging_mixin.py:109} INFO - [2022-09-24 16:58:46,398] {dag.py:2935} INFO - Setting next_dagrun for xcom_dag to 2022-09-24T16:58:16.240670+00:00
[2022-09-24 16:58:46,409] {processor.py:171} INFO - Processing /opt/airflow/dags/bitcoin_rate_dag.py took 0.103 seconds
[2022-09-24 16:59:16,509] {processor.py:163} INFO - Started process (PID=854) to work on /opt/airflow/dags/bitcoin_rate_dag.py
[2022-09-24 16:59:16,511] {processor.py:642} INFO - Processing file /opt/airflow/dags/bitcoin_rate_dag.py for tasks to queue
[2022-09-24 16:59:16,512] {logging_mixin.py:109} INFO - [2022-09-24 16:59:16,512] {dagbag.py:500} INFO - Filling up the DagBag from /opt/airflow/dags/bitcoin_rate_dag.py
[2022-09-24 16:59:16,543] {processor.py:654} INFO - DAG(s) dict_keys(['xcom_dag']) retrieved from /opt/airflow/dags/bitcoin_rate_dag.py
[2022-09-24 16:59:16,556] {logging_mixin.py:109} INFO - [2022-09-24 16:59:16,556] {dag.py:2396} INFO - Sync 1 DAGs
[2022-09-24 16:59:16,576] {logging_mixin.py:109} INFO - [2022-09-24 16:59:16,576] {dag.py:2935} INFO - Setting next_dagrun for xcom_dag to 2022-09-24T16:58:16.575680+00:00
[2022-09-24 16:59:16,588] {processor.py:171} INFO - Processing /opt/airflow/dags/bitcoin_rate_dag.py took 0.083 seconds
[2022-09-24 16:59:46,645] {processor.py:163} INFO - Started process (PID=897) to work on /opt/airflow/dags/bitcoin_rate_dag.py
[2022-09-24 16:59:46,647] {processor.py:642} INFO - Processing file /opt/airflow/dags/bitcoin_rate_dag.py for tasks to queue
[2022-09-24 16:59:46,648] {logging_mixin.py:109} INFO - [2022-09-24 16:59:46,647] {dagbag.py:500} INFO - Filling up the DagBag from /opt/airflow/dags/bitcoin_rate_dag.py
[2022-09-24 16:59:46,703] {processor.py:654} INFO - DAG(s) dict_keys(['xcom_dag']) retrieved from /opt/airflow/dags/bitcoin_rate_dag.py
[2022-09-24 16:59:46,721] {logging_mixin.py:109} INFO - [2022-09-24 16:59:46,721] {dag.py:2396} INFO - Sync 1 DAGs
[2022-09-24 16:59:46,779] {logging_mixin.py:109} INFO - [2022-09-24 16:59:46,779] {dag.py:2935} INFO - Setting next_dagrun for xcom_dag to 2022-09-24T16:59:16.575680+00:00
[2022-09-24 16:59:46,797] {processor.py:171} INFO - Processing /opt/airflow/dags/bitcoin_rate_dag.py took 0.156 seconds
[2022-09-24 17:00:16,904] {processor.py:163} INFO - Started process (PID=919) to work on /opt/airflow/dags/bitcoin_rate_dag.py
[2022-09-24 17:00:16,905] {processor.py:642} INFO - Processing file /opt/airflow/dags/bitcoin_rate_dag.py for tasks to queue
[2022-09-24 17:00:16,907] {logging_mixin.py:109} INFO - [2022-09-24 17:00:16,907] {dagbag.py:500} INFO - Filling up the DagBag from /opt/airflow/dags/bitcoin_rate_dag.py
[2022-09-24 17:00:16,960] {processor.py:654} INFO - DAG(s) dict_keys(['xcom_dag']) retrieved from /opt/airflow/dags/bitcoin_rate_dag.py
[2022-09-24 17:00:16,981] {logging_mixin.py:109} INFO - [2022-09-24 17:00:16,980] {dag.py:2396} INFO - Sync 1 DAGs
[2022-09-24 17:00:17,010] {logging_mixin.py:109} INFO - [2022-09-24 17:00:17,010] {dag.py:2935} INFO - Setting next_dagrun for xcom_dag to 2022-09-24T16:59:17.009614+00:00
[2022-09-24 17:00:17,032] {processor.py:171} INFO - Processing /opt/airflow/dags/bitcoin_rate_dag.py took 0.133 seconds
[2022-09-24 17:00:47,113] {processor.py:163} INFO - Started process (PID=952) to work on /opt/airflow/dags/bitcoin_rate_dag.py
[2022-09-24 17:00:47,115] {processor.py:642} INFO - Processing file /opt/airflow/dags/bitcoin_rate_dag.py for tasks to queue
[2022-09-24 17:00:47,117] {logging_mixin.py:109} INFO - [2022-09-24 17:00:47,116] {dagbag.py:500} INFO - Filling up the DagBag from /opt/airflow/dags/bitcoin_rate_dag.py
[2022-09-24 17:00:47,172] {processor.py:654} INFO - DAG(s) dict_keys(['xcom_dag']) retrieved from /opt/airflow/dags/bitcoin_rate_dag.py
[2022-09-24 17:00:47,191] {logging_mixin.py:109} INFO - [2022-09-24 17:00:47,191] {dag.py:2396} INFO - Sync 1 DAGs
[2022-09-24 17:00:47,224] {logging_mixin.py:109} INFO - [2022-09-24 17:00:47,224] {dag.py:2935} INFO - Setting next_dagrun for xcom_dag to 2022-09-24T17:00:17.009614+00:00
[2022-09-24 17:00:47,246] {processor.py:171} INFO - Processing /opt/airflow/dags/bitcoin_rate_dag.py took 0.139 seconds
[2022-09-24 17:01:17,318] {processor.py:163} INFO - Started process (PID=984) to work on /opt/airflow/dags/bitcoin_rate_dag.py
[2022-09-24 17:01:17,320] {processor.py:642} INFO - Processing file /opt/airflow/dags/bitcoin_rate_dag.py for tasks to queue
[2022-09-24 17:01:17,321] {logging_mixin.py:109} INFO - [2022-09-24 17:01:17,321] {dagbag.py:500} INFO - Filling up the DagBag from /opt/airflow/dags/bitcoin_rate_dag.py
[2022-09-24 17:01:17,361] {processor.py:654} INFO - DAG(s) dict_keys(['xcom_dag']) retrieved from /opt/airflow/dags/bitcoin_rate_dag.py
[2022-09-24 17:01:17,386] {logging_mixin.py:109} INFO - [2022-09-24 17:01:17,386] {dag.py:2396} INFO - Sync 1 DAGs
[2022-09-24 17:01:17,429] {logging_mixin.py:109} INFO - [2022-09-24 17:01:17,429] {dag.py:2935} INFO - Setting next_dagrun for xcom_dag to 2022-09-24T17:01:17.009614+00:00
[2022-09-24 17:01:17,447] {processor.py:171} INFO - Processing /opt/airflow/dags/bitcoin_rate_dag.py took 0.133 seconds
[2022-09-24 17:01:47,534] {processor.py:163} INFO - Started process (PID=1017) to work on /opt/airflow/dags/bitcoin_rate_dag.py
[2022-09-24 17:01:47,535] {processor.py:642} INFO - Processing file /opt/airflow/dags/bitcoin_rate_dag.py for tasks to queue
[2022-09-24 17:01:47,536] {logging_mixin.py:109} INFO - [2022-09-24 17:01:47,536] {dagbag.py:500} INFO - Filling up the DagBag from /opt/airflow/dags/bitcoin_rate_dag.py
[2022-09-24 17:01:47,569] {processor.py:654} INFO - DAG(s) dict_keys(['xcom_dag']) retrieved from /opt/airflow/dags/bitcoin_rate_dag.py
[2022-09-24 17:01:47,582] {logging_mixin.py:109} INFO - [2022-09-24 17:01:47,582] {dag.py:2396} INFO - Sync 1 DAGs
[2022-09-24 17:01:47,603] {logging_mixin.py:109} INFO - [2022-09-24 17:01:47,603] {dag.py:2935} INFO - Setting next_dagrun for xcom_dag to 2022-09-24T17:01:17.009614+00:00
[2022-09-24 17:01:47,614] {processor.py:171} INFO - Processing /opt/airflow/dags/bitcoin_rate_dag.py took 0.083 seconds
[2022-09-24 17:02:17,699] {processor.py:163} INFO - Started process (PID=1041) to work on /opt/airflow/dags/bitcoin_rate_dag.py
[2022-09-24 17:02:17,700] {processor.py:642} INFO - Processing file /opt/airflow/dags/bitcoin_rate_dag.py for tasks to queue
[2022-09-24 17:02:17,700] {logging_mixin.py:109} INFO - [2022-09-24 17:02:17,700] {dagbag.py:500} INFO - Filling up the DagBag from /opt/airflow/dags/bitcoin_rate_dag.py
[2022-09-24 17:02:17,738] {processor.py:654} INFO - DAG(s) dict_keys(['xcom_dag']) retrieved from /opt/airflow/dags/bitcoin_rate_dag.py
[2022-09-24 17:02:17,753] {logging_mixin.py:109} INFO - [2022-09-24 17:02:17,753] {dag.py:2396} INFO - Sync 1 DAGs
[2022-09-24 17:02:17,775] {logging_mixin.py:109} INFO - [2022-09-24 17:02:17,775] {dag.py:2935} INFO - Setting next_dagrun for xcom_dag to 2022-09-24T17:02:17.009614+00:00
[2022-09-24 17:02:17,791] {processor.py:171} INFO - Processing /opt/airflow/dags/bitcoin_rate_dag.py took 0.097 seconds
[2022-09-24 17:02:47,865] {processor.py:163} INFO - Started process (PID=1083) to work on /opt/airflow/dags/bitcoin_rate_dag.py
[2022-09-24 17:02:47,866] {processor.py:642} INFO - Processing file /opt/airflow/dags/bitcoin_rate_dag.py for tasks to queue
[2022-09-24 17:02:47,867] {logging_mixin.py:109} INFO - [2022-09-24 17:02:47,867] {dagbag.py:500} INFO - Filling up the DagBag from /opt/airflow/dags/bitcoin_rate_dag.py
[2022-09-24 17:02:47,904] {processor.py:654} INFO - DAG(s) dict_keys(['xcom_dag']) retrieved from /opt/airflow/dags/bitcoin_rate_dag.py
[2022-09-24 17:02:47,917] {logging_mixin.py:109} INFO - [2022-09-24 17:02:47,917] {dag.py:2396} INFO - Sync 1 DAGs
[2022-09-24 17:02:47,939] {logging_mixin.py:109} INFO - [2022-09-24 17:02:47,938] {dag.py:2935} INFO - Setting next_dagrun for xcom_dag to 2022-09-24T17:02:17.009614+00:00
[2022-09-24 17:02:47,950] {processor.py:171} INFO - Processing /opt/airflow/dags/bitcoin_rate_dag.py took 0.089 seconds
[2022-09-24 17:03:18,025] {processor.py:163} INFO - Started process (PID=1107) to work on /opt/airflow/dags/bitcoin_rate_dag.py
[2022-09-24 17:03:18,026] {processor.py:642} INFO - Processing file /opt/airflow/dags/bitcoin_rate_dag.py for tasks to queue
[2022-09-24 17:03:18,026] {logging_mixin.py:109} INFO - [2022-09-24 17:03:18,026] {dagbag.py:500} INFO - Filling up the DagBag from /opt/airflow/dags/bitcoin_rate_dag.py
[2022-09-24 17:03:18,058] {processor.py:654} INFO - DAG(s) dict_keys(['xcom_dag']) retrieved from /opt/airflow/dags/bitcoin_rate_dag.py
[2022-09-24 17:03:18,071] {logging_mixin.py:109} INFO - [2022-09-24 17:03:18,071] {dag.py:2396} INFO - Sync 1 DAGs
[2022-09-24 17:03:18,092] {logging_mixin.py:109} INFO - [2022-09-24 17:03:18,092] {dag.py:2935} INFO - Setting next_dagrun for xcom_dag to 2022-09-24T17:03:17.009614+00:00
[2022-09-24 17:03:18,105] {processor.py:171} INFO - Processing /opt/airflow/dags/bitcoin_rate_dag.py took 0.084 seconds
[2022-09-24 17:03:48,156] {processor.py:163} INFO - Started process (PID=1139) to work on /opt/airflow/dags/bitcoin_rate_dag.py
[2022-09-24 17:03:48,158] {processor.py:642} INFO - Processing file /opt/airflow/dags/bitcoin_rate_dag.py for tasks to queue
[2022-09-24 17:03:48,160] {logging_mixin.py:109} INFO - [2022-09-24 17:03:48,159] {dagbag.py:500} INFO - Filling up the DagBag from /opt/airflow/dags/bitcoin_rate_dag.py
[2022-09-24 17:03:48,202] {processor.py:654} INFO - DAG(s) dict_keys(['xcom_dag']) retrieved from /opt/airflow/dags/bitcoin_rate_dag.py
[2022-09-24 17:03:48,216] {logging_mixin.py:109} INFO - [2022-09-24 17:03:48,215] {dag.py:2396} INFO - Sync 1 DAGs
[2022-09-24 17:03:48,235] {logging_mixin.py:109} INFO - [2022-09-24 17:03:48,235] {dag.py:2935} INFO - Setting next_dagrun for xcom_dag to 2022-09-24T17:03:17.009614+00:00
[2022-09-24 17:03:48,248] {processor.py:171} INFO - Processing /opt/airflow/dags/bitcoin_rate_dag.py took 0.096 seconds
[2022-09-24 17:04:18,290] {processor.py:163} INFO - Started process (PID=1173) to work on /opt/airflow/dags/bitcoin_rate_dag.py
[2022-09-24 17:04:18,292] {processor.py:642} INFO - Processing file /opt/airflow/dags/bitcoin_rate_dag.py for tasks to queue
[2022-09-24 17:04:18,292] {logging_mixin.py:109} INFO - [2022-09-24 17:04:18,292] {dagbag.py:500} INFO - Filling up the DagBag from /opt/airflow/dags/bitcoin_rate_dag.py
[2022-09-24 17:04:18,329] {processor.py:654} INFO - DAG(s) dict_keys(['xcom_dag']) retrieved from /opt/airflow/dags/bitcoin_rate_dag.py
[2022-09-24 17:04:18,341] {logging_mixin.py:109} INFO - [2022-09-24 17:04:18,341] {dag.py:2396} INFO - Sync 1 DAGs
[2022-09-24 17:04:18,361] {logging_mixin.py:109} INFO - [2022-09-24 17:04:18,361] {dag.py:2935} INFO - Setting next_dagrun for xcom_dag to 2022-09-24T17:04:17.009614+00:00
[2022-09-24 17:04:18,374] {processor.py:171} INFO - Processing /opt/airflow/dags/bitcoin_rate_dag.py took 0.089 seconds
[2022-09-24 17:04:48,478] {processor.py:163} INFO - Started process (PID=1205) to work on /opt/airflow/dags/bitcoin_rate_dag.py
[2022-09-24 17:04:48,481] {processor.py:642} INFO - Processing file /opt/airflow/dags/bitcoin_rate_dag.py for tasks to queue
[2022-09-24 17:04:48,483] {logging_mixin.py:109} INFO - [2022-09-24 17:04:48,483] {dagbag.py:500} INFO - Filling up the DagBag from /opt/airflow/dags/bitcoin_rate_dag.py
[2022-09-24 17:04:48,549] {processor.py:654} INFO - DAG(s) dict_keys(['xcom_dag']) retrieved from /opt/airflow/dags/bitcoin_rate_dag.py
[2022-09-24 17:04:48,585] {logging_mixin.py:109} INFO - [2022-09-24 17:04:48,585] {dag.py:2396} INFO - Sync 1 DAGs
[2022-09-24 17:04:48,630] {logging_mixin.py:109} INFO - [2022-09-24 17:04:48,630] {dag.py:2935} INFO - Setting next_dagrun for xcom_dag to 2022-09-24T17:04:17.009614+00:00
[2022-09-24 17:04:48,648] {processor.py:171} INFO - Processing /opt/airflow/dags/bitcoin_rate_dag.py took 0.183 seconds
[2022-09-24 17:05:18,731] {processor.py:163} INFO - Started process (PID=1230) to work on /opt/airflow/dags/bitcoin_rate_dag.py
[2022-09-24 17:05:18,732] {processor.py:642} INFO - Processing file /opt/airflow/dags/bitcoin_rate_dag.py for tasks to queue
[2022-09-24 17:05:18,733] {logging_mixin.py:109} INFO - [2022-09-24 17:05:18,733] {dagbag.py:500} INFO - Filling up the DagBag from /opt/airflow/dags/bitcoin_rate_dag.py
[2022-09-24 17:05:18,773] {processor.py:654} INFO - DAG(s) dict_keys(['xcom_dag']) retrieved from /opt/airflow/dags/bitcoin_rate_dag.py
[2022-09-24 17:05:18,786] {logging_mixin.py:109} INFO - [2022-09-24 17:05:18,786] {dag.py:2396} INFO - Sync 1 DAGs
[2022-09-24 17:05:18,808] {logging_mixin.py:109} INFO - [2022-09-24 17:05:18,808] {dag.py:2935} INFO - Setting next_dagrun for xcom_dag to 2022-09-24T17:05:17.009614+00:00
[2022-09-24 17:05:18,819] {processor.py:171} INFO - Processing /opt/airflow/dags/bitcoin_rate_dag.py took 0.092 seconds
[2022-09-24 17:05:48,870] {processor.py:163} INFO - Started process (PID=1270) to work on /opt/airflow/dags/bitcoin_rate_dag.py
[2022-09-24 17:05:48,872] {processor.py:642} INFO - Processing file /opt/airflow/dags/bitcoin_rate_dag.py for tasks to queue
[2022-09-24 17:05:48,873] {logging_mixin.py:109} INFO - [2022-09-24 17:05:48,873] {dagbag.py:500} INFO - Filling up the DagBag from /opt/airflow/dags/bitcoin_rate_dag.py
[2022-09-24 17:05:48,920] {processor.py:654} INFO - DAG(s) dict_keys(['xcom_dag']) retrieved from /opt/airflow/dags/bitcoin_rate_dag.py
[2022-09-24 17:05:48,946] {logging_mixin.py:109} INFO - [2022-09-24 17:05:48,945] {dag.py:2396} INFO - Sync 1 DAGs
[2022-09-24 17:05:48,968] {logging_mixin.py:109} INFO - [2022-09-24 17:05:48,967] {dag.py:2935} INFO - Setting next_dagrun for xcom_dag to 2022-09-24T17:05:17.009614+00:00
[2022-09-24 17:05:48,981] {processor.py:171} INFO - Processing /opt/airflow/dags/bitcoin_rate_dag.py took 0.115 seconds
[2022-09-24 17:06:19,041] {processor.py:163} INFO - Started process (PID=1296) to work on /opt/airflow/dags/bitcoin_rate_dag.py
[2022-09-24 17:06:19,046] {processor.py:642} INFO - Processing file /opt/airflow/dags/bitcoin_rate_dag.py for tasks to queue
[2022-09-24 17:06:19,047] {logging_mixin.py:109} INFO - [2022-09-24 17:06:19,047] {dagbag.py:500} INFO - Filling up the DagBag from /opt/airflow/dags/bitcoin_rate_dag.py
[2022-09-24 17:06:19,107] {processor.py:654} INFO - DAG(s) dict_keys(['xcom_dag']) retrieved from /opt/airflow/dags/bitcoin_rate_dag.py
[2022-09-24 17:06:19,123] {logging_mixin.py:109} INFO - [2022-09-24 17:06:19,123] {dag.py:2396} INFO - Sync 1 DAGs
[2022-09-24 17:06:19,144] {logging_mixin.py:109} INFO - [2022-09-24 17:06:19,144] {dag.py:2935} INFO - Setting next_dagrun for xcom_dag to 2022-09-24T17:06:17.009614+00:00
[2022-09-24 17:06:19,155] {processor.py:171} INFO - Processing /opt/airflow/dags/bitcoin_rate_dag.py took 0.119 seconds
[2022-09-24 17:06:49,193] {processor.py:163} INFO - Started process (PID=1328) to work on /opt/airflow/dags/bitcoin_rate_dag.py
[2022-09-24 17:06:49,194] {processor.py:642} INFO - Processing file /opt/airflow/dags/bitcoin_rate_dag.py for tasks to queue
[2022-09-24 17:06:49,195] {logging_mixin.py:109} INFO - [2022-09-24 17:06:49,195] {dagbag.py:500} INFO - Filling up the DagBag from /opt/airflow/dags/bitcoin_rate_dag.py
[2022-09-24 17:06:49,228] {processor.py:654} INFO - DAG(s) dict_keys(['xcom_dag']) retrieved from /opt/airflow/dags/bitcoin_rate_dag.py
[2022-09-24 17:06:49,239] {logging_mixin.py:109} INFO - [2022-09-24 17:06:49,239] {dag.py:2396} INFO - Sync 1 DAGs
[2022-09-24 17:06:49,258] {logging_mixin.py:109} INFO - [2022-09-24 17:06:49,258] {dag.py:2935} INFO - Setting next_dagrun for xcom_dag to 2022-09-24T17:06:17.009614+00:00
[2022-09-24 17:06:49,267] {processor.py:171} INFO - Processing /opt/airflow/dags/bitcoin_rate_dag.py took 0.077 seconds
[2022-09-24 17:07:19,410] {processor.py:163} INFO - Started process (PID=1360) to work on /opt/airflow/dags/bitcoin_rate_dag.py
[2022-09-24 17:07:19,412] {processor.py:642} INFO - Processing file /opt/airflow/dags/bitcoin_rate_dag.py for tasks to queue
[2022-09-24 17:07:19,413] {logging_mixin.py:109} INFO - [2022-09-24 17:07:19,412] {dagbag.py:500} INFO - Filling up the DagBag from /opt/airflow/dags/bitcoin_rate_dag.py
[2022-09-24 17:07:19,481] {processor.py:654} INFO - DAG(s) dict_keys(['xcom_dag']) retrieved from /opt/airflow/dags/bitcoin_rate_dag.py
[2022-09-24 17:07:19,504] {logging_mixin.py:109} INFO - [2022-09-24 17:07:19,503] {dag.py:2396} INFO - Sync 1 DAGs
[2022-09-24 17:07:19,547] {logging_mixin.py:109} INFO - [2022-09-24 17:07:19,546] {dag.py:2935} INFO - Setting next_dagrun for xcom_dag to 2022-09-24T17:07:17.009614+00:00
[2022-09-24 17:07:19,562] {processor.py:171} INFO - Processing /opt/airflow/dags/bitcoin_rate_dag.py took 0.157 seconds
[2022-09-24 17:07:49,668] {processor.py:163} INFO - Started process (PID=1393) to work on /opt/airflow/dags/bitcoin_rate_dag.py
[2022-09-24 17:07:49,671] {processor.py:642} INFO - Processing file /opt/airflow/dags/bitcoin_rate_dag.py for tasks to queue
[2022-09-24 17:07:49,671] {logging_mixin.py:109} INFO - [2022-09-24 17:07:49,671] {dagbag.py:500} INFO - Filling up the DagBag from /opt/airflow/dags/bitcoin_rate_dag.py
[2022-09-24 17:07:49,704] {processor.py:654} INFO - DAG(s) dict_keys(['xcom_dag']) retrieved from /opt/airflow/dags/bitcoin_rate_dag.py
[2022-09-24 17:07:49,717] {logging_mixin.py:109} INFO - [2022-09-24 17:07:49,717] {dag.py:2396} INFO - Sync 1 DAGs
[2022-09-24 17:07:49,737] {logging_mixin.py:109} INFO - [2022-09-24 17:07:49,736] {dag.py:2935} INFO - Setting next_dagrun for xcom_dag to 2022-09-24T17:07:17.009614+00:00
[2022-09-24 17:07:49,747] {processor.py:171} INFO - Processing /opt/airflow/dags/bitcoin_rate_dag.py took 0.082 seconds
[2022-09-24 17:08:19,828] {processor.py:163} INFO - Started process (PID=1421) to work on /opt/airflow/dags/bitcoin_rate_dag.py
[2022-09-24 17:08:19,833] {processor.py:642} INFO - Processing file /opt/airflow/dags/bitcoin_rate_dag.py for tasks to queue
[2022-09-24 17:08:19,834] {logging_mixin.py:109} INFO - [2022-09-24 17:08:19,834] {dagbag.py:500} INFO - Filling up the DagBag from /opt/airflow/dags/bitcoin_rate_dag.py
[2022-09-24 17:08:19,963] {processor.py:654} INFO - DAG(s) dict_keys(['xcom_dag']) retrieved from /opt/airflow/dags/bitcoin_rate_dag.py
[2022-09-24 17:08:20,085] {logging_mixin.py:109} INFO - [2022-09-24 17:08:20,085] {dag.py:2396} INFO - Sync 1 DAGs
[2022-09-24 17:08:20,166] {logging_mixin.py:109} INFO - [2022-09-24 17:08:20,166] {dag.py:2935} INFO - Setting next_dagrun for xcom_dag to 2022-09-24T17:08:17.009614+00:00
[2022-09-24 17:08:20,206] {processor.py:171} INFO - Processing /opt/airflow/dags/bitcoin_rate_dag.py took 0.387 seconds
[2022-09-24 17:08:50,298] {processor.py:163} INFO - Started process (PID=1458) to work on /opt/airflow/dags/bitcoin_rate_dag.py
[2022-09-24 17:08:50,299] {processor.py:642} INFO - Processing file /opt/airflow/dags/bitcoin_rate_dag.py for tasks to queue
[2022-09-24 17:08:50,300] {logging_mixin.py:109} INFO - [2022-09-24 17:08:50,300] {dagbag.py:500} INFO - Filling up the DagBag from /opt/airflow/dags/bitcoin_rate_dag.py
[2022-09-24 17:08:50,337] {processor.py:654} INFO - DAG(s) dict_keys(['xcom_dag']) retrieved from /opt/airflow/dags/bitcoin_rate_dag.py
[2022-09-24 17:08:50,349] {logging_mixin.py:109} INFO - [2022-09-24 17:08:50,349] {dag.py:2396} INFO - Sync 1 DAGs
[2022-09-24 17:08:50,369] {logging_mixin.py:109} INFO - [2022-09-24 17:08:50,369] {dag.py:2935} INFO - Setting next_dagrun for xcom_dag to 2022-09-24T17:08:17.009614+00:00
[2022-09-24 17:08:50,378] {processor.py:171} INFO - Processing /opt/airflow/dags/bitcoin_rate_dag.py took 0.085 seconds
[2022-09-24 17:09:20,453] {processor.py:163} INFO - Started process (PID=1492) to work on /opt/airflow/dags/bitcoin_rate_dag.py
[2022-09-24 17:09:20,454] {processor.py:642} INFO - Processing file /opt/airflow/dags/bitcoin_rate_dag.py for tasks to queue
[2022-09-24 17:09:20,454] {logging_mixin.py:109} INFO - [2022-09-24 17:09:20,454] {dagbag.py:500} INFO - Filling up the DagBag from /opt/airflow/dags/bitcoin_rate_dag.py
[2022-09-24 17:09:20,499] {processor.py:654} INFO - DAG(s) dict_keys(['xcom_dag']) retrieved from /opt/airflow/dags/bitcoin_rate_dag.py
[2022-09-24 17:09:20,514] {logging_mixin.py:109} INFO - [2022-09-24 17:09:20,514] {dag.py:2396} INFO - Sync 1 DAGs
[2022-09-24 17:09:20,538] {logging_mixin.py:109} INFO - [2022-09-24 17:09:20,538] {dag.py:2935} INFO - Setting next_dagrun for xcom_dag to 2022-09-24T17:09:17.009614+00:00
[2022-09-24 17:09:20,550] {processor.py:171} INFO - Processing /opt/airflow/dags/bitcoin_rate_dag.py took 0.101 seconds
