[2022-09-24 17:03:20,088] {taskinstance.py:1032} INFO - Dependencies all met for <TaskInstance: xcom_dag.usd_rate scheduled__2022-09-24T17:02:17.009614+00:00 [queued]>
[2022-09-24 17:03:20,102] {taskinstance.py:1032} INFO - Dependencies all met for <TaskInstance: xcom_dag.usd_rate scheduled__2022-09-24T17:02:17.009614+00:00 [queued]>
[2022-09-24 17:03:20,103] {taskinstance.py:1238} INFO - 
--------------------------------------------------------------------------------
[2022-09-24 17:03:20,103] {taskinstance.py:1239} INFO - Starting attempt 1 of 1
[2022-09-24 17:03:20,103] {taskinstance.py:1240} INFO - 
--------------------------------------------------------------------------------
[2022-09-24 17:03:20,122] {taskinstance.py:1259} INFO - Executing <Task(PythonOperator): usd_rate> on 2022-09-24 17:02:17.009614+00:00
[2022-09-24 17:03:20,127] {standard_task_runner.py:52} INFO - Started process 1118 to run task
[2022-09-24 17:03:20,132] {standard_task_runner.py:76} INFO - Running: ['***', 'tasks', 'run', 'xcom_dag', 'usd_rate', 'scheduled__2022-09-24T17:02:17.009614+00:00', '--job-id', '76', '--raw', '--subdir', 'DAGS_FOLDER/bitcoin_rate_dag.py', '--cfg-path', '/tmp/tmpguxmbfyz', '--error-file', '/tmp/tmpba42_m77']
[2022-09-24 17:03:20,133] {standard_task_runner.py:77} INFO - Job 76: Subtask usd_rate
[2022-09-24 17:03:20,226] {logging_mixin.py:109} INFO - Running <TaskInstance: xcom_dag.usd_rate scheduled__2022-09-24T17:02:17.009614+00:00 [running]> on host 4642d339221a
[2022-09-24 17:03:20,348] {taskinstance.py:1426} INFO - Exporting the following env vars:
AIRFLOW_CTX_DAG_OWNER=***
AIRFLOW_CTX_DAG_ID=xcom_dag
AIRFLOW_CTX_TASK_ID=usd_rate
AIRFLOW_CTX_EXECUTION_DATE=2022-09-24T17:02:17.009614+00:00
AIRFLOW_CTX_DAG_RUN_ID=scheduled__2022-09-24T17:02:17.009614+00:00
[2022-09-24 17:03:20,578] {api.py:356} INFO - ascii passed initial chaos probing. Mean measured chaos is 0.000000 %
[2022-09-24 17:03:20,579] {api.py:367} INFO - ascii should target any language(s) of ['Latin Based']
[2022-09-24 17:03:20,582] {api.py:385} INFO - We detected language [('English', 1.0), ('Dutch', 1.0), ('Indonesian', 1.0)] using ascii
[2022-09-24 17:03:20,582] {api.py:419} INFO - ascii is most likely the one. Stopping the process.
[2022-09-24 17:03:20,596] {python.py:175} INFO - Done. Returned value was: None
[2022-09-24 17:03:20,610] {taskinstance.py:1277} INFO - Marking task as SUCCESS. dag_id=xcom_dag, task_id=usd_rate, execution_date=20220924T170217, start_date=20220924T170320, end_date=20220924T170320
[2022-09-24 17:03:20,664] {local_task_job.py:154} INFO - Task exited with return code 0
[2022-09-24 17:03:20,714] {local_task_job.py:264} INFO - 0 downstream tasks scheduled from follow-on schedule check
