[2022-09-24 16:59:18,856] {taskinstance.py:1032} INFO - Dependencies all met for <TaskInstance: xcom_dag.gbp_rate scheduled__2022-09-24T16:58:16.575680+00:00 [queued]>
[2022-09-24 16:59:18,884] {taskinstance.py:1032} INFO - Dependencies all met for <TaskInstance: xcom_dag.gbp_rate scheduled__2022-09-24T16:58:16.575680+00:00 [queued]>
[2022-09-24 16:59:18,884] {taskinstance.py:1238} INFO - 
--------------------------------------------------------------------------------
[2022-09-24 16:59:18,884] {taskinstance.py:1239} INFO - Starting attempt 1 of 1
[2022-09-24 16:59:18,884] {taskinstance.py:1240} INFO - 
--------------------------------------------------------------------------------
[2022-09-24 16:59:18,903] {taskinstance.py:1259} INFO - Executing <Task(PythonOperator): gbp_rate> on 2022-09-24 16:58:16.575680+00:00
[2022-09-24 16:59:18,907] {standard_task_runner.py:52} INFO - Started process 874 to run task
[2022-09-24 16:59:18,914] {standard_task_runner.py:76} INFO - Running: ['***', 'tasks', 'run', 'xcom_dag', 'gbp_rate', 'scheduled__2022-09-24T16:58:16.575680+00:00', '--job-id', '54', '--raw', '--subdir', 'DAGS_FOLDER/bitcoin_rate_dag.py', '--cfg-path', '/tmp/tmpibqe2xsy', '--error-file', '/tmp/tmpff46ncl7']
[2022-09-24 16:59:18,915] {standard_task_runner.py:77} INFO - Job 54: Subtask gbp_rate
[2022-09-24 16:59:19,023] {logging_mixin.py:109} INFO - Running <TaskInstance: xcom_dag.gbp_rate scheduled__2022-09-24T16:58:16.575680+00:00 [running]> on host 4642d339221a
[2022-09-24 16:59:19,284] {taskinstance.py:1426} INFO - Exporting the following env vars:
AIRFLOW_CTX_DAG_OWNER=***
AIRFLOW_CTX_DAG_ID=xcom_dag
AIRFLOW_CTX_TASK_ID=gbp_rate
AIRFLOW_CTX_EXECUTION_DATE=2022-09-24T16:58:16.575680+00:00
AIRFLOW_CTX_DAG_RUN_ID=scheduled__2022-09-24T16:58:16.575680+00:00
[2022-09-24 16:59:20,464] {api.py:356} INFO - ascii passed initial chaos probing. Mean measured chaos is 0.000000 %
[2022-09-24 16:59:20,465] {api.py:367} INFO - ascii should target any language(s) of ['Latin Based']
[2022-09-24 16:59:20,494] {api.py:385} INFO - We detected language [('English', 1.0), ('Dutch', 1.0), ('Indonesian', 1.0)] using ascii
[2022-09-24 16:59:20,494] {api.py:419} INFO - ascii is most likely the one. Stopping the process.
[2022-09-24 16:59:20,559] {python.py:175} INFO - Done. Returned value was: None
[2022-09-24 16:59:20,617] {taskinstance.py:1277} INFO - Marking task as SUCCESS. dag_id=xcom_dag, task_id=gbp_rate, execution_date=20220924T165816, start_date=20220924T165918, end_date=20220924T165920
[2022-09-24 16:59:20,681] {local_task_job.py:154} INFO - Task exited with return code 0
[2022-09-24 16:59:20,782] {local_task_job.py:264} INFO - 0 downstream tasks scheduled from follow-on schedule check
