[2022-09-24 16:58:19,792] {taskinstance.py:1032} INFO - Dependencies all met for <TaskInstance: xcom_dag.eur_rate scheduled__2022-09-24T16:57:16.240670+00:00 [queued]>
[2022-09-24 16:58:19,813] {taskinstance.py:1032} INFO - Dependencies all met for <TaskInstance: xcom_dag.eur_rate scheduled__2022-09-24T16:57:16.240670+00:00 [queued]>
[2022-09-24 16:58:19,813] {taskinstance.py:1238} INFO - 
--------------------------------------------------------------------------------
[2022-09-24 16:58:19,813] {taskinstance.py:1239} INFO - Starting attempt 1 of 1
[2022-09-24 16:58:19,813] {taskinstance.py:1240} INFO - 
--------------------------------------------------------------------------------
[2022-09-24 16:58:19,852] {taskinstance.py:1259} INFO - Executing <Task(PythonOperator): eur_rate> on 2022-09-24 16:57:16.240670+00:00
[2022-09-24 16:58:19,857] {standard_task_runner.py:52} INFO - Started process 810 to run task
[2022-09-24 16:58:19,870] {standard_task_runner.py:76} INFO - Running: ['***', 'tasks', 'run', 'xcom_dag', 'eur_rate', 'scheduled__2022-09-24T16:57:16.240670+00:00', '--job-id', '50', '--raw', '--subdir', 'DAGS_FOLDER/bitcoin_rate_dag.py', '--cfg-path', '/tmp/tmpkud0i3n1', '--error-file', '/tmp/tmpe93eorm8']
[2022-09-24 16:58:19,871] {standard_task_runner.py:77} INFO - Job 50: Subtask eur_rate
[2022-09-24 16:58:19,987] {logging_mixin.py:109} INFO - Running <TaskInstance: xcom_dag.eur_rate scheduled__2022-09-24T16:57:16.240670+00:00 [running]> on host 4642d339221a
[2022-09-24 16:58:20,223] {taskinstance.py:1426} INFO - Exporting the following env vars:
AIRFLOW_CTX_DAG_OWNER=***
AIRFLOW_CTX_DAG_ID=xcom_dag
AIRFLOW_CTX_TASK_ID=eur_rate
AIRFLOW_CTX_EXECUTION_DATE=2022-09-24T16:57:16.240670+00:00
AIRFLOW_CTX_DAG_RUN_ID=scheduled__2022-09-24T16:57:16.240670+00:00
[2022-09-24 16:58:20,505] {api.py:356} INFO - ascii passed initial chaos probing. Mean measured chaos is 0.000000 %
[2022-09-24 16:58:20,506] {api.py:367} INFO - ascii should target any language(s) of ['Latin Based']
[2022-09-24 16:58:20,509] {api.py:385} INFO - We detected language [('English', 1.0), ('Dutch', 1.0), ('Indonesian', 1.0)] using ascii
[2022-09-24 16:58:20,510] {api.py:419} INFO - ascii is most likely the one. Stopping the process.
[2022-09-24 16:58:20,529] {python.py:175} INFO - Done. Returned value was: None
[2022-09-24 16:58:20,549] {taskinstance.py:1277} INFO - Marking task as SUCCESS. dag_id=xcom_dag, task_id=eur_rate, execution_date=20220924T165716, start_date=20220924T165819, end_date=20220924T165820
[2022-09-24 16:58:20,576] {local_task_job.py:154} INFO - Task exited with return code 0
[2022-09-24 16:58:20,612] {local_task_job.py:264} INFO - 0 downstream tasks scheduled from follow-on schedule check
