[2022-09-24 16:53:15,064] {taskinstance.py:1032} INFO - Dependencies all met for <TaskInstance: xcom_dag.get_bitcoin_rate scheduled__2022-09-24T16:52:14.200539+00:00 [queued]>
[2022-09-24 16:53:15,077] {taskinstance.py:1032} INFO - Dependencies all met for <TaskInstance: xcom_dag.get_bitcoin_rate scheduled__2022-09-24T16:52:14.200539+00:00 [queued]>
[2022-09-24 16:53:15,077] {taskinstance.py:1238} INFO - 
--------------------------------------------------------------------------------
[2022-09-24 16:53:15,077] {taskinstance.py:1239} INFO - Starting attempt 1 of 1
[2022-09-24 16:53:15,077] {taskinstance.py:1240} INFO - 
--------------------------------------------------------------------------------
[2022-09-24 16:53:15,096] {taskinstance.py:1259} INFO - Executing <Task(PythonOperator): get_bitcoin_rate> on 2022-09-24 16:52:14.200539+00:00
[2022-09-24 16:53:15,100] {standard_task_runner.py:52} INFO - Started process 516 to run task
[2022-09-24 16:53:15,103] {standard_task_runner.py:76} INFO - Running: ['***', 'tasks', 'run', 'xcom_dag', 'get_bitcoin_rate', 'scheduled__2022-09-24T16:52:14.200539+00:00', '--job-id', '28', '--raw', '--subdir', 'DAGS_FOLDER/data_ingestion_gcs_dag.py', '--cfg-path', '/tmp/tmpq6_7b2hb', '--error-file', '/tmp/tmp148q29r8']
[2022-09-24 16:53:15,104] {standard_task_runner.py:77} INFO - Job 28: Subtask get_bitcoin_rate
[2022-09-24 16:53:15,170] {logging_mixin.py:109} INFO - Running <TaskInstance: xcom_dag.get_bitcoin_rate scheduled__2022-09-24T16:52:14.200539+00:00 [running]> on host 4642d339221a
[2022-09-24 16:53:15,245] {taskinstance.py:1426} INFO - Exporting the following env vars:
AIRFLOW_CTX_DAG_OWNER=***
AIRFLOW_CTX_DAG_ID=xcom_dag
AIRFLOW_CTX_TASK_ID=get_bitcoin_rate
AIRFLOW_CTX_EXECUTION_DATE=2022-09-24T16:52:14.200539+00:00
AIRFLOW_CTX_DAG_RUN_ID=scheduled__2022-09-24T16:52:14.200539+00:00
[2022-09-24 16:53:16,148] {api.py:356} INFO - ascii passed initial chaos probing. Mean measured chaos is 0.000000 %
[2022-09-24 16:53:16,149] {api.py:367} INFO - ascii should target any language(s) of ['Latin Based']
[2022-09-24 16:53:16,154] {api.py:385} INFO - We detected language [('English', 1.0), ('Dutch', 1.0), ('Indonesian', 1.0)] using ascii
[2022-09-24 16:53:16,154] {api.py:419} INFO - ascii is most likely the one. Stopping the process.
[2022-09-24 16:53:16,154] {python.py:175} INFO - Done. Returned value was: {'time': {'updated': 'Sep 24, 2022 16:52:00 UTC', 'updatedISO': '2022-09-24T16:52:00+00:00', 'updateduk': 'Sep 24, 2022 at 17:52 BST'}, 'disclaimer': 'This data was produced from the CoinDesk Bitcoin Price Index (USD). Non-USD currency data converted using hourly conversion rate from openexchangerates.org', 'chartName': 'Bitcoin', 'bpi': {'USD': {'code': 'USD', 'symbol': '&#36;', 'rate': '19,092.5358', 'description': 'United States Dollar', 'rate_float': 19092.5358}, 'GBP': {'code': 'GBP', 'symbol': '&pound;', 'rate': '15,953.5702', 'description': 'British Pound Sterling', 'rate_float': 15953.5702}, 'EUR': {'code': 'EUR', 'symbol': '&euro;', 'rate': '18,598.9174', 'description': 'Euro', 'rate_float': 18598.9174}}}
[2022-09-24 16:53:16,185] {taskinstance.py:1277} INFO - Marking task as SUCCESS. dag_id=xcom_dag, task_id=get_bitcoin_rate, execution_date=20220924T165214, start_date=20220924T165315, end_date=20220924T165316
[2022-09-24 16:53:16,238] {local_task_job.py:154} INFO - Task exited with return code 0
[2022-09-24 16:53:16,293] {local_task_job.py:264} INFO - 4 downstream tasks scheduled from follow-on schedule check
