[2022-09-24 17:05:18,470] {taskinstance.py:1032} INFO - Dependencies all met for <TaskInstance: xcom_dag.get_bitcoin_rate scheduled__2022-09-24T17:04:17.009614+00:00 [queued]>
[2022-09-24 17:05:18,483] {taskinstance.py:1032} INFO - Dependencies all met for <TaskInstance: xcom_dag.get_bitcoin_rate scheduled__2022-09-24T17:04:17.009614+00:00 [queued]>
[2022-09-24 17:05:18,484] {taskinstance.py:1238} INFO - 
--------------------------------------------------------------------------------
[2022-09-24 17:05:18,484] {taskinstance.py:1239} INFO - Starting attempt 1 of 1
[2022-09-24 17:05:18,484] {taskinstance.py:1240} INFO - 
--------------------------------------------------------------------------------
[2022-09-24 17:05:18,502] {taskinstance.py:1259} INFO - Executing <Task(PythonOperator): get_bitcoin_rate> on 2022-09-24 17:04:17.009614+00:00
[2022-09-24 17:05:18,505] {standard_task_runner.py:52} INFO - Started process 1229 to run task
[2022-09-24 17:05:18,508] {standard_task_runner.py:76} INFO - Running: ['***', 'tasks', 'run', 'xcom_dag', 'get_bitcoin_rate', 'scheduled__2022-09-24T17:04:17.009614+00:00', '--job-id', '83', '--raw', '--subdir', 'DAGS_FOLDER/bitcoin_rate_dag.py', '--cfg-path', '/tmp/tmpbcmgly7q', '--error-file', '/tmp/tmpxko7cvcf']
[2022-09-24 17:05:18,510] {standard_task_runner.py:77} INFO - Job 83: Subtask get_bitcoin_rate
[2022-09-24 17:05:18,573] {logging_mixin.py:109} INFO - Running <TaskInstance: xcom_dag.get_bitcoin_rate scheduled__2022-09-24T17:04:17.009614+00:00 [running]> on host 4642d339221a
[2022-09-24 17:05:18,646] {taskinstance.py:1426} INFO - Exporting the following env vars:
AIRFLOW_CTX_DAG_OWNER=***
AIRFLOW_CTX_DAG_ID=xcom_dag
AIRFLOW_CTX_TASK_ID=get_bitcoin_rate
AIRFLOW_CTX_EXECUTION_DATE=2022-09-24T17:04:17.009614+00:00
AIRFLOW_CTX_DAG_RUN_ID=scheduled__2022-09-24T17:04:17.009614+00:00
[2022-09-24 17:05:18,971] {api.py:356} INFO - ascii passed initial chaos probing. Mean measured chaos is 0.000000 %
[2022-09-24 17:05:18,972] {api.py:367} INFO - ascii should target any language(s) of ['Latin Based']
[2022-09-24 17:05:18,975] {api.py:385} INFO - We detected language [('English', 1.0), ('Dutch', 1.0), ('Indonesian', 1.0)] using ascii
[2022-09-24 17:05:18,976] {api.py:419} INFO - ascii is most likely the one. Stopping the process.
[2022-09-24 17:05:18,976] {python.py:175} INFO - Done. Returned value was: {'time': {'updated': 'Sep 24, 2022 17:04:00 UTC', 'updatedISO': '2022-09-24T17:04:00+00:00', 'updateduk': 'Sep 24, 2022 at 18:04 BST'}, 'disclaimer': 'This data was produced from the CoinDesk Bitcoin Price Index (USD). Non-USD currency data converted using hourly conversion rate from openexchangerates.org', 'chartName': 'Bitcoin', 'bpi': {'USD': {'code': 'USD', 'symbol': '&#36;', 'rate': '19,102.8088', 'description': 'United States Dollar', 'rate_float': 19102.8088}, 'GBP': {'code': 'GBP', 'symbol': '&pound;', 'rate': '15,962.1542', 'description': 'British Pound Sterling', 'rate_float': 15962.1542}, 'EUR': {'code': 'EUR', 'symbol': '&euro;', 'rate': '18,608.9248', 'description': 'Euro', 'rate_float': 18608.9248}}}
[2022-09-24 17:05:19,008] {taskinstance.py:1277} INFO - Marking task as SUCCESS. dag_id=xcom_dag, task_id=get_bitcoin_rate, execution_date=20220924T170417, start_date=20220924T170518, end_date=20220924T170519
[2022-09-24 17:05:19,045] {local_task_job.py:154} INFO - Task exited with return code 0
[2022-09-24 17:05:19,106] {local_task_job.py:264} INFO - 0 downstream tasks scheduled from follow-on schedule check
