[2022-09-24 17:00:20,313] {taskinstance.py:1032} INFO - Dependencies all met for <TaskInstance: xcom_dag.time_update scheduled__2022-09-24T16:59:17.009614+00:00 [queued]>
[2022-09-24 17:00:20,331] {taskinstance.py:1032} INFO - Dependencies all met for <TaskInstance: xcom_dag.time_update scheduled__2022-09-24T16:59:17.009614+00:00 [queued]>
[2022-09-24 17:00:20,331] {taskinstance.py:1238} INFO - 
--------------------------------------------------------------------------------
[2022-09-24 17:00:20,331] {taskinstance.py:1239} INFO - Starting attempt 1 of 1
[2022-09-24 17:00:20,331] {taskinstance.py:1240} INFO - 
--------------------------------------------------------------------------------
[2022-09-24 17:00:20,356] {taskinstance.py:1259} INFO - Executing <Task(PythonOperator): time_update> on 2022-09-24 16:59:17.009614+00:00
[2022-09-24 17:00:20,362] {standard_task_runner.py:52} INFO - Started process 930 to run task
[2022-09-24 17:00:20,367] {standard_task_runner.py:76} INFO - Running: ['***', 'tasks', 'run', 'xcom_dag', 'time_update', 'scheduled__2022-09-24T16:59:17.009614+00:00', '--job-id', '59', '--raw', '--subdir', 'DAGS_FOLDER/bitcoin_rate_dag.py', '--cfg-path', '/tmp/tmpwv6azx5f', '--error-file', '/tmp/tmpb3z0no58']
[2022-09-24 17:00:20,369] {standard_task_runner.py:77} INFO - Job 59: Subtask time_update
[2022-09-24 17:00:20,472] {logging_mixin.py:109} INFO - Running <TaskInstance: xcom_dag.time_update scheduled__2022-09-24T16:59:17.009614+00:00 [running]> on host 4642d339221a
[2022-09-24 17:00:20,621] {taskinstance.py:1426} INFO - Exporting the following env vars:
AIRFLOW_CTX_DAG_OWNER=***
AIRFLOW_CTX_DAG_ID=xcom_dag
AIRFLOW_CTX_TASK_ID=time_update
AIRFLOW_CTX_EXECUTION_DATE=2022-09-24T16:59:17.009614+00:00
AIRFLOW_CTX_DAG_RUN_ID=scheduled__2022-09-24T16:59:17.009614+00:00
[2022-09-24 17:00:20,982] {api.py:356} INFO - ascii passed initial chaos probing. Mean measured chaos is 0.000000 %
[2022-09-24 17:00:20,983] {api.py:367} INFO - ascii should target any language(s) of ['Latin Based']
[2022-09-24 17:00:20,986] {api.py:385} INFO - We detected language [('English', 1.0), ('Dutch', 1.0), ('Indonesian', 1.0)] using ascii
[2022-09-24 17:00:20,987] {api.py:419} INFO - ascii is most likely the one. Stopping the process.
[2022-09-24 17:00:21,005] {python.py:175} INFO - Done. Returned value was: None
[2022-09-24 17:00:21,021] {taskinstance.py:1277} INFO - Marking task as SUCCESS. dag_id=xcom_dag, task_id=time_update, execution_date=20220924T165917, start_date=20220924T170020, end_date=20220924T170021
[2022-09-24 17:00:21,070] {local_task_job.py:154} INFO - Task exited with return code 0
[2022-09-24 17:00:21,122] {local_task_job.py:264} INFO - 0 downstream tasks scheduled from follow-on schedule check
